<?xml version="1.0" encoding="UTF-8"?>
<testsuite name="com.example.group8_bartertrader.LocationHelperTest" tests="9" skipped="0" failures="0" errors="0" timestamp="2025-03-15T02:12:03" hostname="Jaes-MacBook-Pro.local" time="0.011">
  <properties/>
  <testcase name="testParseLatLngLocation_InvalidInput_NonNumeric" classname="com.example.group8_bartertrader.LocationHelperTest" time="0.006"/>
  <testcase name="testIsWithinRange_WithinRange" classname="com.example.group8_bartertrader.LocationHelperTest" time="0.001"/>
  <testcase name="testCalculateDistance_SameCoordinates" classname="com.example.group8_bartertrader.LocationHelperTest" time="0.0"/>
  <testcase name="testParseLatLngLocation_InvalidInput_MissingComma" classname="com.example.group8_bartertrader.LocationHelperTest" time="0.0"/>
  <testcase name="testParseLatLngLocation_EmptyInput" classname="com.example.group8_bartertrader.LocationHelperTest" time="0.0"/>
  <testcase name="testIsWithinRange_OutsideRange" classname="com.example.group8_bartertrader.LocationHelperTest" time="0.001"/>
  <testcase name="testParseLatLngLocation_ValidInput" classname="com.example.group8_bartertrader.LocationHelperTest" time="0.0"/>
  <testcase name="testCalculateDistance_ValidCoordinates" classname="com.example.group8_bartertrader.LocationHelperTest" time="0.001"/>
  <testcase name="testParseLatLngLocation_NullInput" classname="com.example.group8_bartertrader.LocationHelperTest" time="0.0"/>
  <system-out><![CDATA[]]></system-out>
  <system-err><![CDATA[]]></system-err>
</testsuite>
