<?xml version="1.0" encoding="UTF-8"?>
<testsuite name="com.example.group8_bartertrader.LoginActivtyTest" tests="2" skipped="0" failures="0" errors="0" timestamp="2025-03-02T22:46:32" hostname="Daniels-MacBook-Pro.local" time="0.015">
  <properties/>
  <testcase name="checkInvalidEmails" classname="com.example.group8_bartertrader.LoginActivtyTest" time="0.014"/>
  <testcase name="checkValidEmails" classname="com.example.group8_bartertrader.LoginActivtyTest" time="0.0"/>
  <system-out><![CDATA[]]></system-out>
  <system-err><![CDATA[]]></system-err>
</testsuite>
