<?xml version='1.0' encoding='UTF-8' ?>
<testsuite name="com.example.group8_bartertrader.ReceivedOfferUITest" tests="1" failures="0" errors="0" skipped="0" time="9.988" timestamp="2025-03-31T22:24:40" hostname="localhost">
  <properties>
    <property name="device" value="Medium_Phone_API_35(AVD) - 15" />
    <property name="flavor" value="" />
    <property name="project" value=":app" />
  </properties>
  <testcase name="testChatButtonDisabled_whenOfferNotAccepted" classname="com.example.group8_bartertrader.ReceivedOfferUITest" time="8.958" />
</testsuite>