<?xml version='1.0' encoding='UTF-8' ?>
<testsuite name="com.example.group8_bartertrader.ProductFormEspressoTest" tests="1" failures="0" errors="0" skipped="0" time="1.67" timestamp="2025-03-15T00:05:35" hostname="localhost">
  <properties>
    <property name="device" value="Pixel_2_API_35(AVD) - 15" />
    <property name="flavor" value="" />
    <property name="project" value=":app" />
  </properties>
  <testcase name="testSnackbarMessageForIncompleteFields" classname="com.example.group8_bartertrader.ProductFormEspressoTest" time="1.201" />
</testsuite>