<?xml version='1.0' encoding='UTF-8' ?>
<testsuite tests="0" failures="0" errors="0" skipped="0" time="1.73975585493E9" timestamp="2025-02-17T01:30:54" hostname="localhost">
  <properties>
    <property name="device" value="Medium_Phone_API_35(AVD) - 15" />
    <property name="flavor" value="" />
    <property name="project" value=":app" />
  </properties>
  <system-err>Exception thrown during onBeforeAll invocation of plugin AndroidTestApkInstallerPlugin: ErrorName: UNKNOWN
NameSpace: DdmlibAndroidDeviceController
ErrorCode: 1
ErrorType: TEST
Message: Failed to install split APK(s): [/Users/jae/Desktop/W25/3130/group8/app/build/intermediates/apk/debug/app-debug.apk]
Failed to install split APK(s): [/Users/jae/Desktop/W25/3130/group8/app/build/intermediates/apk/debug/app-debug.apk]
Unknown platform error occurred when running the UTP test suite. Please check logs for details.
com.android.ddmlib.ShellCommandUnresponsiveException
	at com.android.ddmlib.internal.DeviceImpl.lambda$executeRemoteCommand$18(DeviceImpl.java:891)
	at com.android.ddmlib.internal.DeviceImpl.logRun1(DeviceImpl.java:1801)
	at com.android.ddmlib.internal.DeviceImpl.executeRemoteCommand(DeviceImpl.java:755)
	at com.android.ddmlib.SplitApkInstallerBase.installCommit(SplitApkInstallerBase.java:154)
	at com.android.ddmlib.SplitApkInstaller.install(SplitApkInstaller.java:85)
	at com.android.ddmlib.IDeviceSharedImpl.installPackages(IDeviceSharedImpl.java:395)
	at com.android.ddmlib.internal.DeviceImpl.lambda$installPackages$34(DeviceImpl.java:1491)
	at com.android.ddmlib.internal.DeviceImpl.logRun3(DeviceImpl.java:1833)
	at com.android.ddmlib.internal.DeviceImpl.installPackages(DeviceImpl.java:1488)
	at com.android.ddmlib.internal.DeviceImpl.lambda$installPackages$35(DeviceImpl.java:1503)
	at com.android.ddmlib.internal.DeviceImpl.logRun3(DeviceImpl.java:1833)
	at com.android.ddmlib.internal.DeviceImpl.installPackages(DeviceImpl.java:1499)
	at com.android.tools.utp.plugins.deviceprovider.ddmlib.DdmlibAndroidDevice.installPackages(DdmlibAndroidDevice.kt:74)
	at com.android.tools.utp.plugins.deviceprovider.ddmlib.DdmlibAndroidDeviceController$executeAsync$deferred$1.invokeSuspend(DdmlibAndroidDeviceController.kt:259)
	at kotlin.coroutines.jvm.internal.BaseContinuationImpl.resumeWith(ContinuationImpl.kt:33)
	at kotlinx.coroutines.DispatchedTask.run(DispatchedTask.kt:106)
	at kotlinx.coroutines.scheduling.CoroutineScheduler.runSafely(CoroutineScheduler.kt:570)
	at kotlinx.coroutines.scheduling.CoroutineScheduler$Worker.executeTask(CoroutineScheduler.kt:749)
	at kotlinx.coroutines.scheduling.CoroutineScheduler$Worker.runWorker(CoroutineScheduler.kt:677)
	at kotlinx.coroutines.scheduling.CoroutineScheduler$Worker.run(CoroutineScheduler.kt:664)

</system-err>
</testsuite>