<?xml version='1.0' encoding='UTF-8' ?>
<testsuite name="com.example.group8_bartertrader.DetailsActivityEspressoTest" tests="2" failures="0" errors="0" skipped="0" time="10.736" timestamp="2025-03-16T19:32:27" hostname="localhost">
  <properties>
    <property name="device" value="Pixel_7_API_35(AVD) - 15" />
    <property name="flavor" value="" />
    <property name="project" value=":app" />
  </properties>
  <testcase name="testExitButton" classname="com.example.group8_bartertrader.DetailsActivityEspressoTest" time="2.208" />
  <testcase name="testOfferExchangeButton" classname="com.example.group8_bartertrader.DetailsActivityEspressoTest" time="6.884" />
</testsuite>