<?xml version='1.0' encoding='UTF-8' ?>
<testsuite name="com.example.group8_bartertrader.ProductFormEspressoTest" tests="1" failures="0" errors="0" skipped="0" time="7.939" timestamp="2025-03-16T03:29:03" hostname="localhost">
  <properties>
    <property name="device" value="Pixel_7_API_35(AVD) - 15" />
    <property name="flavor" value="" />
    <property name="project" value=":app" />
  </properties>
  <testcase name="testSnackbarMessageForSuccess" classname="com.example.group8_bartertrader.ProductFormEspressoTest" time="7.481" />
</testsuite>