<?xml version='1.0' encoding='UTF-8' ?>
<testsuite name="com.example.group8_bartertrader.SubmitFormUITest" tests="1" failures="0" errors="0" skipped="0" time="18.95" timestamp="2025-03-12T13:05:39" hostname="localhost">
  <properties>
    <property name="device" value="Pixel_9_API_35(AVD) - 15" />
    <property name="flavor" value="" />
    <property name="project" value=":app" />
  </properties>
  <testcase name="testSubmitOffer" classname="com.example.group8_bartertrader.SubmitFormUITest" time="9.282" />
</testsuite>