<?xml version='1.0' encoding='UTF-8' ?>
<testsuite name="com.example.group8_bartertrader.SubmitFormUITest" tests="1" failures="0" errors="0" skipped="0" time="12.39" timestamp="2025-03-15T19:02:58" hostname="localhost">
  <properties>
    <property name="device" value="Medium_Phone_API_35(AVD) - 15" />
    <property name="flavor" value="" />
    <property name="project" value=":app" />
  </properties>
  <testcase name="testSubmitOffer" classname="com.example.group8_bartertrader.SubmitFormUITest" time="10.661" />
</testsuite>